<?xml version="1.0" encoding="UTF-8"?>
<!-- Generated by org.testng.reporters.JUnitReportReporter -->
<testsuite hostname="LMC-LT-115" failures="0" tests="1" name="com.mystore.testcases.LoginPageTest" time="32.632" errors="0" timestamp="2022-08-05T16:41:00 IST" skipped="0">
  <testcase classname="com.mystore.testcases.LoginPageTest" name="loginTest" time="32.632"/>
  <system-out/>
</testsuite> <!-- com.mystore.testcases.LoginPageTest -->
