<?xml version="1.0" encoding="UTF-8"?>
<!-- Generated by org.testng.reporters.JUnitReportReporter -->
<testsuite hostname="LMC-LT-115" failures="0" tests="2" name="com.mystore.testcases.IndexPageTest" time="13.463" errors="0" timestamp="2022-08-16T10:15:11 IST" skipped="0">
  <testcase classname="com.mystore.testcases.IndexPageTest" name="verifyLogo" time="6.750"/>
  <system-out/>
  <testcase classname="com.mystore.testcases.IndexPageTest" name="verifyTitle" time="6.713"/>
  <system-out/>
</testsuite> <!-- com.mystore.testcases.IndexPageTest -->
