<?xml version="1.0" encoding="UTF-8"?>
<!-- Generated by org.testng.reporters.JUnitReportReporter -->
<testsuite hostname="LMC-LT-115" failures="0" tests="1" name="com.mystore.testcases.LoginPageTest" time="14.778" errors="0" timestamp="2022-08-16T10:15:11 IST" skipped="0">
  <testcase classname="com.mystore.testcases.LoginPageTest" name="loginTest" time="14.778"/>
  <system-out/>
</testsuite> <!-- com.mystore.testcases.LoginPageTest -->
