<?xml version="1.0" encoding="UTF-8"?>
<!-- Generated by org.testng.reporters.JUnitReportReporter -->
<testsuite hostname="LMC-LT-115" failures="0" tests="2" name="com.mystore.testcases.HomePageTest" time="32.142" errors="0" timestamp="2022-08-16T10:15:11 IST" skipped="0">
  <testcase classname="com.mystore.testcases.HomePageTest" name="orderHistoryandDetailsTest" time="16.349"/>
  <system-out/>
  <testcase classname="com.mystore.testcases.HomePageTest" name="wishListTest" time="15.793"/>
  <system-out/>
</testsuite> <!-- com.mystore.testcases.HomePageTest -->
