<?xml version="1.0" encoding="UTF-8"?>
<!-- Generated by org.testng.reporters.JUnitReportReporter -->
<testsuite hostname="LMC-LT-115" failures="0" tests="2" name="com.mystore.testcases.HomePageTest" time="44.414" errors="0" timestamp="2022-08-05T16:41:00 IST" skipped="0">
  <testcase classname="com.mystore.testcases.HomePageTest" name="orderHistoryandDetailsTest" time="23.591"/>
  <system-out/>
  <testcase classname="com.mystore.testcases.HomePageTest" name="wishListTest" time="20.823"/>
  <system-out/>
</testsuite> <!-- com.mystore.testcases.HomePageTest -->
